<?xml version="1.0" encoding="UTF-8"?>
<!-- Generated by org.testng.reporters.JUnitReportReporter -->
<testsuite hostname="BRILAP4138" failures="0" tests="1" name="testcases.TestToCompareXMLFiles" time="0.433" errors="0" timestamp="2022-05-16T13:25:03 IST" skipped="0">
  <testcase classname="testcases.TestToCompareXMLFiles" name="testcase3" time="0.433"/>
  <system-out/>
</testsuite> <!-- testcases.TestToCompareXMLFiles -->
